2025-07-17 09:36:31,292 - nse_backend_app - INFO - Starting NSE Option Chain Backend...
2025-07-17 09:36:31,293 - nse_backend_app - INFO - Connecting to MongoDB Atlas...
2025-07-17 09:36:40,258 - nse_backend_app - INFO - Successfully connected to MongoDB Atlas
2025-07-17 09:36:40,290 - nse_backend_app - INFO - Setting up MongoDB indexes...
2025-07-17 09:36:40,551 - nse_backend_app - INFO - MongoDB indexes created successfully
2025-07-17 09:36:40,562 - nse_backend_app - INFO - Initializing data pipeline components...
2025-07-17 09:36:40,564 - nse_backend_app - INFO - Initializing NSE session...
2025-07-17 09:36:41,478 - nse_backend_app - INFO - NSE session initialized successfully
2025-07-17 09:36:41,589 - nse_backend_app - INFO - Connecting to MongoDB Atlas...
2025-07-17 09:36:57,131 - nse_backend_app - INFO - Successfully connected to MongoDB Atlas
2025-07-17 09:36:57,135 - nse_backend_app - INFO - Setting up MongoDB indexes...
2025-07-17 09:36:57,389 - nse_backend_app - INFO - MongoDB indexes created successfully
2025-07-17 09:36:57,393 - nse_backend_app - INFO - Data pipeline components initialized successfully
2025-07-17 09:36:57,399 - nse_backend_app - INFO - Starting continuous data pipeline for symbols: ['NIFTY']
2025-07-17 09:36:57,399 - nse_backend_app - INFO - Data pipeline started in background thread
2025-07-17 09:36:57,412 - nse_backend_app - INFO - Fetch interval: 5 seconds
2025-07-17 09:36:57,416 - nse_backend_app - INFO - NSE Option Chain Backend started successfully
2025-07-17 09:36:57,417 - nse_backend_app - INFO - --- Cycle #1 ---
2025-07-17 09:36:57,579 - nse_backend_app - WARNING - Attempt 1 failed for NIFTY: Expecting value: line 1 column 1 (char 0)
2025-07-17 09:36:57,585 - nse_backend_app - INFO - Initializing NSE session...
2025-07-17 09:36:58,346 - nse_backend_app - INFO - NSE session initialized successfully
2025-07-17 09:37:00,425 - nse_backend_app - WARNING - Attempt 2 failed for NIFTY: Expecting value: line 1 column 1 (char 0)
2025-07-17 09:37:00,428 - nse_backend_app - INFO - Initializing NSE session...
2025-07-17 09:37:01,510 - nse_backend_app - INFO - NSE session initialized successfully
2025-07-17 09:37:03,950 - nse_backend_app - WARNING - Attempt 3 failed for NIFTY: Expecting value: line 1 column 1 (char 0)
2025-07-17 09:37:04,298 - nse_backend_app - WARNING - Cycle took 6.88s, longer than interval 5s
2025-07-17 09:37:04,299 - nse_backend_app - INFO - --- Cycle #2 ---
2025-07-17 09:37:04,365 - nse_backend_app - WARNING - Attempt 1 failed for NIFTY: Expecting value: line 1 column 1 (char 0)
2025-07-17 09:37:04,366 - nse_backend_app - INFO - Initializing NSE session...
2025-07-17 09:37:05,301 - nse_backend_app - INFO - NSE session initialized successfully
2025-07-17 09:37:07,362 - nse_backend_app - WARNING - Attempt 2 failed for NIFTY: Expecting value: line 1 column 1 (char 0)
2025-07-17 09:37:07,363 - nse_backend_app - INFO - Initializing NSE session...
2025-07-17 09:37:08,412 - nse_backend_app - INFO - NSE session initialized successfully
2025-07-17 09:37:10,477 - nse_backend_app - WARNING - Attempt 3 failed for NIFTY: Expecting value: line 1 column 1 (char 0)
2025-07-17 09:37:10,561 - nse_backend_app - WARNING - Cycle took 6.26s, longer than interval 5s
2025-07-17 09:37:10,562 - nse_backend_app - INFO - --- Cycle #3 ---
2025-07-17 09:37:10,624 - nse_backend_app - WARNING - Attempt 1 failed for NIFTY: Expecting value: line 1 column 1 (char 0)
2025-07-17 09:37:10,629 - nse_backend_app - INFO - Initializing NSE session...
2025-07-17 09:37:11,336 - nse_backend_app - INFO - NSE session initialized successfully
2025-07-17 09:37:13,397 - nse_backend_app - WARNING - Attempt 2 failed for NIFTY: Expecting value: line 1 column 1 (char 0)
2025-07-17 09:37:13,398 - nse_backend_app - INFO - Initializing NSE session...
2025-07-17 09:37:14,219 - nse_backend_app - INFO - NSE session initialized successfully
2025-07-17 09:37:16,283 - nse_backend_app - WARNING - Attempt 3 failed for NIFTY: Expecting value: line 1 column 1 (char 0)
2025-07-17 09:37:16,315 - nse_backend_app - WARNING - Cycle took 5.75s, longer than interval 5s
2025-07-17 09:37:16,315 - nse_backend_app - INFO - --- Cycle #4 ---
2025-07-17 09:37:16,401 - nse_backend_app - WARNING - Attempt 1 failed for NIFTY: Expecting value: line 1 column 1 (char 0)
2025-07-17 09:37:16,402 - nse_backend_app - INFO - Initializing NSE session...
2025-07-17 09:37:17,425 - nse_backend_app - INFO - NSE session initialized successfully
2025-07-17 09:37:19,618 - nse_backend_app - WARNING - Attempt 2 failed for NIFTY: Expecting value: line 1 column 1 (char 0)
2025-07-17 09:37:19,618 - nse_backend_app - INFO - Initializing NSE session...
2025-07-17 09:37:21,087 - nse_backend_app - INFO - NSE session initialized successfully
2025-07-17 09:37:23,287 - nse_backend_app - WARNING - Attempt 3 failed for NIFTY: Expecting value: line 1 column 1 (char 0)
2025-07-17 09:37:23,379 - nse_backend_app - WARNING - Cycle took 7.06s, longer than interval 5s
2025-07-17 09:37:23,380 - nse_backend_app - INFO - --- Cycle #5 ---
2025-07-17 09:37:23,474 - nse_backend_app - WARNING - Attempt 1 failed for NIFTY: Expecting value: line 1 column 1 (char 0)
2025-07-17 09:37:23,475 - nse_backend_app - INFO - Initializing NSE session...
2025-07-17 09:37:24,372 - nse_backend_app - INFO - NSE session initialized successfully
2025-07-17 09:37:26,496 - nse_backend_app - WARNING - Attempt 2 failed for NIFTY: Expecting value: line 1 column 1 (char 0)
2025-07-17 09:37:26,901 - nse_backend_app - INFO - Initializing NSE session...
2025-07-17 09:37:28,019 - nse_backend_app - INFO - NSE session initialized successfully
2025-07-17 09:37:31,190 - nse_backend_app - WARNING - Attempt 3 failed for NIFTY: Expecting value: line 1 column 1 (char 0)
2025-07-17 09:37:31,230 - nse_backend_app - WARNING - Cycle took 7.85s, longer than interval 5s
2025-07-17 09:37:31,231 - nse_backend_app - INFO - --- Cycle #6 ---
2025-07-17 09:37:31,926 - nse_backend_app - WARNING - Attempt 1 failed for NIFTY: Expecting value: line 1 column 1 (char 0)
2025-07-17 09:37:31,928 - nse_backend_app - INFO - Initializing NSE session...
2025-07-17 09:37:35,506 - nse_backend_app - INFO - NSE session initialized successfully
2025-07-17 09:37:40,068 - nse_backend_app - WARNING - Attempt 2 failed for NIFTY: Expecting value: line 1 column 1 (char 0)
2025-07-17 09:37:40,070 - nse_backend_app - INFO - Initializing NSE session...
2025-07-17 09:37:41,396 - nse_backend_app - INFO - NSE session initialized successfully
2025-07-17 09:37:43,593 - nse_backend_app - WARNING - Attempt 3 failed for NIFTY: Expecting value: line 1 column 1 (char 0)
2025-07-17 09:37:43,620 - nse_backend_app - WARNING - Cycle took 12.39s, longer than interval 5s
2025-07-17 09:37:43,622 - nse_backend_app - INFO - --- Cycle #7 ---
2025-07-17 09:37:43,708 - nse_backend_app - WARNING - Attempt 1 failed for NIFTY: Expecting value: line 1 column 1 (char 0)
2025-07-17 09:37:43,708 - nse_backend_app - INFO - Initializing NSE session...
2025-07-17 09:37:44,565 - nse_backend_app - INFO - NSE session initialized successfully
2025-07-17 09:37:46,886 - nse_backend_app - WARNING - Attempt 2 failed for NIFTY: Expecting value: line 1 column 1 (char 0)
2025-07-17 09:37:46,886 - nse_backend_app - INFO - Initializing NSE session...
2025-07-17 09:37:48,000 - nse_backend_app - INFO - NSE session initialized successfully
2025-07-17 09:37:50,066 - nse_backend_app - WARNING - Attempt 3 failed for NIFTY: Expecting value: line 1 column 1 (char 0)
2025-07-17 09:37:50,106 - nse_backend_app - WARNING - Cycle took 6.48s, longer than interval 5s
2025-07-17 09:37:50,107 - nse_backend_app - INFO - --- Cycle #8 ---
2025-07-17 09:37:50,174 - nse_backend_app - WARNING - Attempt 1 failed for NIFTY: Expecting value: line 1 column 1 (char 0)
2025-07-17 09:37:50,175 - nse_backend_app - INFO - Initializing NSE session...
2025-07-17 09:37:51,768 - nse_backend_app - INFO - NSE session initialized successfully
2025-07-17 09:37:53,831 - nse_backend_app - WARNING - Attempt 2 failed for NIFTY: Expecting value: line 1 column 1 (char 0)
2025-07-17 09:37:53,832 - nse_backend_app - INFO - Initializing NSE session...
2025-07-17 09:37:54,783 - nse_backend_app - INFO - NSE session initialized successfully
2025-07-17 09:37:56,876 - nse_backend_app - WARNING - Attempt 3 failed for NIFTY: Expecting value: line 1 column 1 (char 0)
2025-07-17 09:37:56,957 - nse_backend_app - WARNING - Cycle took 6.85s, longer than interval 5s
2025-07-17 09:37:56,958 - nse_backend_app - INFO - --- Cycle #9 ---
2025-07-17 09:37:57,019 - nse_backend_app - WARNING - Attempt 1 failed for NIFTY: Expecting value: line 1 column 1 (char 0)
2025-07-17 09:37:57,021 - nse_backend_app - INFO - Initializing NSE session...
2025-07-17 09:37:57,879 - nse_backend_app - INFO - NSE session initialized successfully
2025-07-17 09:37:59,983 - nse_backend_app - WARNING - Attempt 2 failed for NIFTY: Expecting value: line 1 column 1 (char 0)
2025-07-17 09:37:59,998 - nse_backend_app - INFO - Initializing NSE session...
2025-07-17 09:38:00,806 - nse_backend_app - INFO - NSE session initialized successfully
2025-07-17 09:38:02,868 - nse_backend_app - WARNING - Attempt 3 failed for NIFTY: Expecting value: line 1 column 1 (char 0)
2025-07-17 09:38:03,164 - nse_backend_app - WARNING - Cycle took 6.21s, longer than interval 5s
2025-07-17 09:38:03,176 - nse_backend_app - INFO - --- Cycle #10 ---
2025-07-17 09:38:03,239 - nse_backend_app - WARNING - Attempt 1 failed for NIFTY: Expecting value: line 1 column 1 (char 0)
2025-07-17 09:38:03,241 - nse_backend_app - INFO - Initializing NSE session...
2025-07-17 09:38:04,151 - nse_backend_app - INFO - NSE session initialized successfully
2025-07-17 09:38:06,257 - nse_backend_app - WARNING - Attempt 2 failed for NIFTY: Expecting value: line 1 column 1 (char 0)
2025-07-17 09:38:06,266 - nse_backend_app - INFO - Initializing NSE session...
2025-07-17 09:38:07,853 - nse_backend_app - INFO - NSE session initialized successfully
2025-07-17 09:38:09,984 - nse_backend_app - WARNING - Attempt 3 failed for NIFTY: Expecting value: line 1 column 1 (char 0)
2025-07-17 09:38:10,200 - nse_backend_app - WARNING - Failed to get database statistics: unsupported format string passed to NoneType.__format__
2025-07-17 09:38:10,202 - nse_backend_app - WARNING - Cycle took 7.03s, longer than interval 5s
2025-07-17 09:38:10,203 - nse_backend_app - INFO - --- Cycle #11 ---
2025-07-17 09:38:10,277 - nse_backend_app - WARNING - Attempt 1 failed for NIFTY: Expecting value: line 1 column 1 (char 0)
2025-07-17 09:38:10,278 - nse_backend_app - INFO - Initializing NSE session...
2025-07-17 09:38:11,144 - nse_backend_app - INFO - NSE session initialized successfully
2025-07-17 09:38:13,207 - nse_backend_app - WARNING - Attempt 2 failed for NIFTY: Expecting value: line 1 column 1 (char 0)
2025-07-17 09:38:13,207 - nse_backend_app - INFO - Initializing NSE session...
2025-07-17 09:38:14,153 - nse_backend_app - INFO - NSE session initialized successfully
2025-07-17 09:38:16,209 - nse_backend_app - WARNING - Attempt 3 failed for NIFTY: Expecting value: line 1 column 1 (char 0)
2025-07-17 09:38:16,267 - nse_backend_app - WARNING - Cycle took 6.06s, longer than interval 5s
2025-07-17 09:38:16,272 - nse_backend_app - INFO - --- Cycle #12 ---
2025-07-17 09:38:16,360 - nse_backend_app - WARNING - Attempt 1 failed for NIFTY: Expecting value: line 1 column 1 (char 0)
2025-07-17 09:38:16,365 - nse_backend_app - INFO - Initializing NSE session...
2025-07-17 09:38:17,239 - nse_backend_app - INFO - NSE session initialized successfully
2025-07-17 09:38:19,321 - nse_backend_app - WARNING - Attempt 2 failed for NIFTY: Expecting value: line 1 column 1 (char 0)
2025-07-17 09:38:19,339 - nse_backend_app - INFO - Initializing NSE session...
2025-07-17 09:38:20,406 - nse_backend_app - INFO - NSE session initialized successfully
2025-07-17 09:38:22,526 - nse_backend_app - WARNING - Attempt 3 failed for NIFTY: Expecting value: line 1 column 1 (char 0)
2025-07-17 09:38:22,644 - nse_backend_app - WARNING - Cycle took 6.37s, longer than interval 5s
2025-07-17 09:38:22,645 - nse_backend_app - INFO - --- Cycle #13 ---
2025-07-17 09:38:22,721 - nse_backend_app - WARNING - Attempt 1 failed for NIFTY: Expecting value: line 1 column 1 (char 0)
2025-07-17 09:38:22,721 - nse_backend_app - INFO - Initializing NSE session...
2025-07-17 09:38:23,472 - nse_backend_app - INFO - NSE session initialized successfully
2025-07-17 09:38:25,553 - nse_backend_app - WARNING - Attempt 2 failed for NIFTY: Expecting value: line 1 column 1 (char 0)
2025-07-17 09:38:25,555 - nse_backend_app - INFO - Initializing NSE session...
2025-07-17 09:38:26,325 - nse_backend_app - INFO - NSE session initialized successfully
2025-07-17 09:38:28,405 - nse_backend_app - WARNING - Attempt 3 failed for NIFTY: Expecting value: line 1 column 1 (char 0)
2025-07-17 09:38:28,438 - nse_backend_app - WARNING - Cycle took 5.79s, longer than interval 5s
2025-07-17 09:38:28,440 - nse_backend_app - INFO - --- Cycle #14 ---
2025-07-17 09:38:28,498 - nse_backend_app - WARNING - Attempt 1 failed for NIFTY: Expecting value: line 1 column 1 (char 0)
2025-07-17 09:38:28,499 - nse_backend_app - INFO - Initializing NSE session...
2025-07-17 09:38:29,270 - nse_backend_app - INFO - NSE session initialized successfully
2025-07-17 09:38:31,334 - nse_backend_app - WARNING - Attempt 2 failed for NIFTY: Expecting value: line 1 column 1 (char 0)
2025-07-17 09:38:31,335 - nse_backend_app - INFO - Initializing NSE session...
2025-07-17 09:38:32,605 - nse_backend_app - INFO - NSE session initialized successfully
2025-07-17 09:38:35,109 - nse_backend_app - WARNING - Attempt 3 failed for NIFTY: Expecting value: line 1 column 1 (char 0)
2025-07-17 09:38:35,158 - nse_backend_app - WARNING - Cycle took 6.72s, longer than interval 5s
2025-07-17 09:38:35,160 - nse_backend_app - INFO - --- Cycle #15 ---
2025-07-17 09:38:35,243 - nse_backend_app - WARNING - Attempt 1 failed for NIFTY: Expecting value: line 1 column 1 (char 0)
2025-07-17 09:38:35,244 - nse_backend_app - INFO - Initializing NSE session...
2025-07-17 09:38:36,257 - nse_backend_app - INFO - NSE session initialized successfully
2025-07-17 09:38:38,320 - nse_backend_app - WARNING - Attempt 2 failed for NIFTY: Expecting value: line 1 column 1 (char 0)
2025-07-17 09:38:38,321 - nse_backend_app - INFO - Initializing NSE session...
2025-07-17 09:38:39,181 - nse_backend_app - INFO - NSE session initialized successfully
2025-07-17 09:38:41,262 - nse_backend_app - WARNING - Attempt 3 failed for NIFTY: Expecting value: line 1 column 1 (char 0)
2025-07-17 09:38:41,314 - nse_backend_app - WARNING - Cycle took 6.15s, longer than interval 5s
2025-07-17 09:38:41,315 - nse_backend_app - INFO - --- Cycle #16 ---
2025-07-17 09:38:41,397 - nse_backend_app - WARNING - Attempt 1 failed for NIFTY: Expecting value: line 1 column 1 (char 0)
2025-07-17 09:38:41,417 - nse_backend_app - INFO - Initializing NSE session...
2025-07-17 09:38:42,415 - nse_backend_app - INFO - NSE session initialized successfully
2025-07-17 09:38:44,491 - nse_backend_app - WARNING - Attempt 2 failed for NIFTY: Expecting value: line 1 column 1 (char 0)
2025-07-17 09:38:44,492 - nse_backend_app - INFO - Initializing NSE session...
2025-07-17 09:38:45,398 - nse_backend_app - INFO - NSE session initialized successfully
2025-07-17 09:38:47,516 - nse_backend_app - WARNING - Attempt 3 failed for NIFTY: Expecting value: line 1 column 1 (char 0)
2025-07-17 09:38:47,562 - nse_backend_app - WARNING - Cycle took 6.25s, longer than interval 5s
2025-07-17 09:38:47,563 - nse_backend_app - INFO - --- Cycle #17 ---
2025-07-17 09:38:47,649 - nse_backend_app - WARNING - Attempt 1 failed for NIFTY: Expecting value: line 1 column 1 (char 0)
2025-07-17 09:38:47,650 - nse_backend_app - INFO - Initializing NSE session...
2025-07-17 09:38:48,592 - nse_backend_app - INFO - NSE session initialized successfully
2025-07-17 09:38:51,473 - nse_backend_app - WARNING - Attempt 2 failed for NIFTY: Expecting value: line 1 column 1 (char 0)
2025-07-17 09:38:51,475 - nse_backend_app - INFO - Initializing NSE session...
2025-07-17 09:38:52,286 - nse_backend_app - INFO - NSE session initialized successfully
2025-07-17 09:38:54,378 - nse_backend_app - WARNING - Attempt 3 failed for NIFTY: Expecting value: line 1 column 1 (char 0)
2025-07-17 09:38:54,403 - nse_backend_app - WARNING - Cycle took 6.84s, longer than interval 5s
2025-07-17 09:38:54,403 - nse_backend_app - INFO - --- Cycle #18 ---
2025-07-17 09:38:54,475 - nse_backend_app - WARNING - Attempt 1 failed for NIFTY: Expecting value: line 1 column 1 (char 0)
2025-07-17 09:38:54,476 - nse_backend_app - INFO - Initializing NSE session...
2025-07-17 09:38:55,429 - nse_backend_app - INFO - NSE session initialized successfully
2025-07-17 09:38:57,904 - nse_backend_app - WARNING - Attempt 2 failed for NIFTY: Expecting value: line 1 column 1 (char 0)
2025-07-17 09:38:57,905 - nse_backend_app - INFO - Initializing NSE session...
2025-07-17 09:38:59,267 - nse_backend_app - INFO - NSE session initialized successfully
2025-07-17 09:39:01,335 - nse_backend_app - WARNING - Attempt 3 failed for NIFTY: Expecting value: line 1 column 1 (char 0)
2025-07-17 09:39:01,384 - nse_backend_app - WARNING - Cycle took 6.98s, longer than interval 5s
2025-07-17 09:39:01,385 - nse_backend_app - INFO - --- Cycle #19 ---
2025-07-17 09:39:01,497 - nse_backend_app - WARNING - Attempt 1 failed for NIFTY: Expecting value: line 1 column 1 (char 0)
2025-07-17 09:39:01,498 - nse_backend_app - INFO - Initializing NSE session...
2025-07-17 09:39:02,369 - nse_backend_app - INFO - NSE session initialized successfully
2025-07-17 09:39:04,464 - nse_backend_app - WARNING - Attempt 2 failed for NIFTY: Expecting value: line 1 column 1 (char 0)
2025-07-17 09:39:04,465 - nse_backend_app - INFO - Initializing NSE session...
2025-07-17 09:39:05,973 - nse_backend_app - INFO - NSE session initialized successfully
2025-07-17 09:39:08,106 - nse_backend_app - WARNING - Attempt 3 failed for NIFTY: Expecting value: line 1 column 1 (char 0)
2025-07-17 09:39:08,153 - nse_backend_app - WARNING - Cycle took 6.77s, longer than interval 5s
2025-07-17 09:39:08,157 - nse_backend_app - INFO - --- Cycle #20 ---
2025-07-17 09:39:08,250 - nse_backend_app - WARNING - Attempt 1 failed for NIFTY: Expecting value: line 1 column 1 (char 0)
2025-07-17 09:39:08,251 - nse_backend_app - INFO - Initializing NSE session...
2025-07-17 09:39:10,205 - nse_backend_app - INFO - NSE session initialized successfully
2025-07-17 09:39:13,828 - nse_backend_app - WARNING - Attempt 2 failed for NIFTY: Expecting value: line 1 column 1 (char 0)
2025-07-17 09:39:13,828 - nse_backend_app - INFO - Initializing NSE session...
2025-07-17 09:39:14,711 - nse_backend_app - INFO - NSE session initialized successfully
2025-07-17 09:39:16,812 - nse_backend_app - WARNING - Attempt 3 failed for NIFTY: Expecting value: line 1 column 1 (char 0)
2025-07-17 09:39:17,021 - nse_backend_app - WARNING - Failed to get database statistics: unsupported format string passed to NoneType.__format__
2025-07-17 09:39:17,021 - nse_backend_app - WARNING - Cycle took 8.86s, longer than interval 5s
2025-07-17 09:39:17,022 - nse_backend_app - INFO - --- Cycle #21 ---
2025-07-17 09:39:17,095 - nse_backend_app - WARNING - Attempt 1 failed for NIFTY: Expecting value: line 1 column 1 (char 0)
2025-07-17 09:39:17,095 - nse_backend_app - INFO - Initializing NSE session...
2025-07-17 09:39:18,410 - nse_backend_app - INFO - NSE session initialized successfully
2025-07-17 09:39:20,470 - nse_backend_app - WARNING - Attempt 2 failed for NIFTY: Expecting value: line 1 column 1 (char 0)
2025-07-17 09:39:20,473 - nse_backend_app - INFO - Initializing NSE session...
2025-07-17 09:39:21,712 - nse_backend_app - INFO - NSE session initialized successfully
2025-07-17 09:39:23,798 - nse_backend_app - WARNING - Attempt 3 failed for NIFTY: Expecting value: line 1 column 1 (char 0)
2025-07-17 09:39:23,843 - nse_backend_app - WARNING - Cycle took 6.82s, longer than interval 5s
2025-07-17 09:39:23,844 - nse_backend_app - INFO - --- Cycle #22 ---
2025-07-17 09:39:23,906 - nse_backend_app - WARNING - Attempt 1 failed for NIFTY: Expecting value: line 1 column 1 (char 0)
2025-07-17 09:39:23,906 - nse_backend_app - INFO - Initializing NSE session...
2025-07-17 09:39:24,710 - nse_backend_app - INFO - NSE session initialized successfully
2025-07-17 09:39:26,830 - nse_backend_app - WARNING - Attempt 2 failed for NIFTY: Expecting value: line 1 column 1 (char 0)
2025-07-17 09:39:26,831 - nse_backend_app - INFO - Initializing NSE session...
2025-07-17 09:39:28,026 - nse_backend_app - INFO - NSE session initialized successfully
2025-07-17 09:39:30,100 - nse_backend_app - WARNING - Attempt 3 failed for NIFTY: Expecting value: line 1 column 1 (char 0)
2025-07-17 09:39:30,166 - nse_backend_app - WARNING - Cycle took 6.32s, longer than interval 5s
2025-07-17 09:39:30,167 - nse_backend_app - INFO - --- Cycle #23 ---
2025-07-17 09:39:30,256 - nse_backend_app - WARNING - Attempt 1 failed for NIFTY: Expecting value: line 1 column 1 (char 0)
2025-07-17 09:39:30,257 - nse_backend_app - INFO - Initializing NSE session...
2025-07-17 09:39:30,959 - nse_backend_app - INFO - NSE session initialized successfully
2025-07-17 09:39:33,027 - nse_backend_app - WARNING - Attempt 2 failed for NIFTY: Expecting value: line 1 column 1 (char 0)
2025-07-17 09:39:33,028 - nse_backend_app - INFO - Initializing NSE session...
2025-07-17 09:39:34,193 - nse_backend_app - INFO - NSE session initialized successfully
2025-07-17 09:39:36,257 - nse_backend_app - WARNING - Attempt 3 failed for NIFTY: Expecting value: line 1 column 1 (char 0)
2025-07-17 09:39:36,299 - nse_backend_app - WARNING - Cycle took 6.13s, longer than interval 5s
2025-07-17 09:39:36,299 - nse_backend_app - INFO - --- Cycle #24 ---
2025-07-17 09:39:36,360 - nse_backend_app - WARNING - Attempt 1 failed for NIFTY: Expecting value: line 1 column 1 (char 0)
2025-07-17 09:39:36,360 - nse_backend_app - INFO - Initializing NSE session...
2025-07-17 09:39:37,105 - nse_backend_app - INFO - NSE session initialized successfully
2025-07-17 09:39:39,311 - nse_backend_app - WARNING - Attempt 2 failed for NIFTY: Expecting value: line 1 column 1 (char 0)
2025-07-17 09:39:39,313 - nse_backend_app - INFO - Initializing NSE session...
2025-07-17 09:39:39,974 - nse_backend_app - INFO - NSE session initialized successfully
2025-07-17 09:39:42,035 - nse_backend_app - WARNING - Attempt 3 failed for NIFTY: Expecting value: line 1 column 1 (char 0)
2025-07-17 09:39:42,066 - nse_backend_app - WARNING - Cycle took 5.77s, longer than interval 5s
2025-07-17 09:39:42,066 - nse_backend_app - INFO - --- Cycle #25 ---
2025-07-17 09:39:42,128 - nse_backend_app - WARNING - Attempt 1 failed for NIFTY: Expecting value: line 1 column 1 (char 0)
2025-07-17 09:39:42,129 - nse_backend_app - INFO - Initializing NSE session...
2025-07-17 09:39:42,819 - nse_backend_app - INFO - NSE session initialized successfully
2025-07-17 09:39:44,893 - nse_backend_app - WARNING - Attempt 2 failed for NIFTY: Expecting value: line 1 column 1 (char 0)
2025-07-17 09:39:44,894 - nse_backend_app - INFO - Initializing NSE session...
2025-07-17 09:39:45,548 - nse_backend_app - INFO - NSE session initialized successfully
2025-07-17 09:39:47,607 - nse_backend_app - WARNING - Attempt 3 failed for NIFTY: Expecting value: line 1 column 1 (char 0)
2025-07-17 09:39:47,640 - nse_backend_app - WARNING - Cycle took 5.57s, longer than interval 5s
2025-07-17 09:39:47,642 - nse_backend_app - INFO - --- Cycle #26 ---
2025-07-17 09:39:47,704 - nse_backend_app - WARNING - Attempt 1 failed for NIFTY: Expecting value: line 1 column 1 (char 0)
2025-07-17 09:39:47,704 - nse_backend_app - INFO - Initializing NSE session...
2025-07-17 09:39:48,510 - nse_backend_app - INFO - NSE session initialized successfully
2025-07-17 09:39:50,632 - nse_backend_app - WARNING - Attempt 2 failed for NIFTY: Expecting value: line 1 column 1 (char 0)
2025-07-17 09:39:50,632 - nse_backend_app - INFO - Initializing NSE session...
2025-07-17 09:39:51,396 - nse_backend_app - INFO - NSE session initialized successfully
2025-07-17 09:39:53,495 - nse_backend_app - WARNING - Attempt 3 failed for NIFTY: Expecting value: line 1 column 1 (char 0)
2025-07-17 09:39:53,526 - nse_backend_app - WARNING - Cycle took 5.88s, longer than interval 5s
2025-07-17 09:39:53,527 - nse_backend_app - INFO - --- Cycle #27 ---
2025-07-17 09:39:53,590 - nse_backend_app - WARNING - Attempt 1 failed for NIFTY: Expecting value: line 1 column 1 (char 0)
2025-07-17 09:39:53,591 - nse_backend_app - INFO - Initializing NSE session...
2025-07-17 09:39:54,515 - nse_backend_app - INFO - NSE session initialized successfully
2025-07-17 09:39:56,582 - nse_backend_app - WARNING - Attempt 2 failed for NIFTY: Expecting value: line 1 column 1 (char 0)
2025-07-17 09:39:56,583 - nse_backend_app - INFO - Initializing NSE session...
2025-07-17 09:39:58,931 - nse_backend_app - INFO - NSE session initialized successfully
2025-07-17 09:40:01,365 - nse_backend_app - WARNING - Attempt 3 failed for NIFTY: Expecting value: line 1 column 1 (char 0)
2025-07-17 09:40:01,417 - nse_backend_app - WARNING - Cycle took 7.89s, longer than interval 5s
2025-07-17 09:40:01,417 - nse_backend_app - INFO - --- Cycle #28 ---
2025-07-17 09:40:01,479 - nse_backend_app - WARNING - Attempt 1 failed for NIFTY: Expecting value: line 1 column 1 (char 0)
2025-07-17 09:40:01,480 - nse_backend_app - INFO - Initializing NSE session...
2025-07-17 09:40:03,612 - nse_backend_app - INFO - NSE session initialized successfully
2025-07-17 09:40:05,674 - nse_backend_app - WARNING - Attempt 2 failed for NIFTY: Expecting value: line 1 column 1 (char 0)
2025-07-17 09:40:05,675 - nse_backend_app - INFO - Initializing NSE session...
2025-07-17 09:40:06,995 - nse_backend_app - INFO - NSE session initialized successfully
2025-07-17 09:40:09,057 - nse_backend_app - WARNING - Attempt 3 failed for NIFTY: Expecting value: line 1 column 1 (char 0)
2025-07-17 09:40:09,087 - nse_backend_app - WARNING - Cycle took 7.67s, longer than interval 5s
2025-07-17 09:40:09,088 - nse_backend_app - INFO - --- Cycle #29 ---
2025-07-17 09:40:09,156 - nse_backend_app - WARNING - Attempt 1 failed for NIFTY: Expecting value: line 1 column 1 (char 0)
2025-07-17 09:40:09,157 - nse_backend_app - INFO - Initializing NSE session...
2025-07-17 09:40:10,229 - nse_backend_app - INFO - NSE session initialized successfully
2025-07-17 09:40:12,311 - nse_backend_app - WARNING - Attempt 2 failed for NIFTY: Expecting value: line 1 column 1 (char 0)
2025-07-17 09:40:12,312 - nse_backend_app - INFO - Initializing NSE session...
2025-07-17 09:40:13,093 - nse_backend_app - INFO - NSE session initialized successfully
2025-07-17 09:40:15,168 - nse_backend_app - WARNING - Attempt 3 failed for NIFTY: Expecting value: line 1 column 1 (char 0)
2025-07-17 09:40:15,291 - nse_backend_app - WARNING - Cycle took 6.20s, longer than interval 5s
2025-07-17 09:40:15,293 - nse_backend_app - INFO - --- Cycle #30 ---
2025-07-17 09:40:15,470 - nse_backend_app - WARNING - Attempt 1 failed for NIFTY: Expecting value: line 1 column 1 (char 0)
2025-07-17 09:40:15,471 - nse_backend_app - INFO - Initializing NSE session...
2025-07-17 09:40:16,450 - nse_backend_app - INFO - NSE session initialized successfully
2025-07-17 09:40:18,547 - nse_backend_app - WARNING - Attempt 2 failed for NIFTY: Expecting value: line 1 column 1 (char 0)
2025-07-17 09:40:18,547 - nse_backend_app - INFO - Initializing NSE session...
2025-07-17 09:40:21,580 - nse_backend_app - INFO - NSE session initialized successfully
2025-07-17 09:40:23,695 - nse_backend_app - WARNING - Attempt 3 failed for NIFTY: Expecting value: line 1 column 1 (char 0)
2025-07-17 09:40:23,887 - nse_backend_app - WARNING - Failed to get database statistics: unsupported format string passed to NoneType.__format__
2025-07-17 09:40:23,887 - nse_backend_app - WARNING - Cycle took 8.59s, longer than interval 5s
2025-07-17 09:40:23,888 - nse_backend_app - INFO - --- Cycle #31 ---
2025-07-17 09:40:23,945 - nse_backend_app - WARNING - Attempt 1 failed for NIFTY: Expecting value: line 1 column 1 (char 0)
2025-07-17 09:40:23,946 - nse_backend_app - INFO - Initializing NSE session...
2025-07-17 09:40:24,925 - nse_backend_app - INFO - NSE session initialized successfully
2025-07-17 09:40:27,767 - nse_backend_app - WARNING - Attempt 2 failed for NIFTY: Expecting value: line 1 column 1 (char 0)
2025-07-17 09:40:27,767 - nse_backend_app - INFO - Initializing NSE session...
2025-07-17 09:40:28,901 - nse_backend_app - INFO - NSE session initialized successfully
2025-07-17 09:40:30,966 - nse_backend_app - WARNING - Attempt 3 failed for NIFTY: Expecting value: line 1 column 1 (char 0)
2025-07-17 09:40:31,111 - nse_backend_app - WARNING - Cycle took 7.22s, longer than interval 5s
2025-07-17 09:40:31,112 - nse_backend_app - INFO - --- Cycle #32 ---
2025-07-17 09:40:31,173 - nse_backend_app - WARNING - Attempt 1 failed for NIFTY: Expecting value: line 1 column 1 (char 0)
2025-07-17 09:40:31,174 - nse_backend_app - INFO - Initializing NSE session...
2025-07-17 09:40:32,005 - nse_backend_app - INFO - NSE session initialized successfully
2025-07-17 09:40:34,093 - nse_backend_app - WARNING - Attempt 2 failed for NIFTY: Expecting value: line 1 column 1 (char 0)
2025-07-17 09:40:34,095 - nse_backend_app - INFO - Initializing NSE session...
2025-07-17 09:40:35,244 - nse_backend_app - INFO - NSE session initialized successfully
2025-07-17 09:40:37,338 - nse_backend_app - WARNING - Attempt 3 failed for NIFTY: Expecting value: line 1 column 1 (char 0)
2025-07-17 09:40:37,499 - nse_backend_app - WARNING - Cycle took 6.39s, longer than interval 5s
2025-07-17 09:40:37,502 - nse_backend_app - INFO - --- Cycle #33 ---
2025-07-17 09:40:37,608 - nse_backend_app - WARNING - Attempt 1 failed for NIFTY: Expecting value: line 1 column 1 (char 0)
2025-07-17 09:40:37,609 - nse_backend_app - INFO - Initializing NSE session...
2025-07-17 09:40:38,905 - nse_backend_app - INFO - NSE session initialized successfully
2025-07-17 09:40:41,254 - nse_backend_app - WARNING - Attempt 2 failed for NIFTY: Expecting value: line 1 column 1 (char 0)
2025-07-17 09:40:41,257 - nse_backend_app - INFO - Initializing NSE session...
2025-07-17 09:40:42,396 - nse_backend_app - INFO - NSE session initialized successfully
2025-07-17 09:40:44,454 - nse_backend_app - WARNING - Attempt 3 failed for NIFTY: Expecting value: line 1 column 1 (char 0)
2025-07-17 09:40:44,488 - nse_backend_app - WARNING - Cycle took 6.99s, longer than interval 5s
2025-07-17 09:40:44,491 - nse_backend_app - INFO - --- Cycle #34 ---
2025-07-17 09:40:44,552 - nse_backend_app - WARNING - Attempt 1 failed for NIFTY: Expecting value: line 1 column 1 (char 0)
2025-07-17 09:40:44,553 - nse_backend_app - INFO - Initializing NSE session...
2025-07-17 09:40:47,169 - nse_backend_app - INFO - NSE session initialized successfully
2025-07-17 09:40:49,238 - nse_backend_app - WARNING - Attempt 2 failed for NIFTY: Expecting value: line 1 column 1 (char 0)
2025-07-17 09:40:49,239 - nse_backend_app - INFO - Initializing NSE session...
2025-07-17 09:40:49,982 - nse_backend_app - INFO - NSE session initialized successfully
2025-07-17 09:40:52,052 - nse_backend_app - WARNING - Attempt 3 failed for NIFTY: Expecting value: line 1 column 1 (char 0)
2025-07-17 09:40:52,217 - nse_backend_app - WARNING - Cycle took 7.73s, longer than interval 5s
2025-07-17 09:40:52,217 - nse_backend_app - INFO - --- Cycle #35 ---
2025-07-17 09:40:52,275 - nse_backend_app - WARNING - Attempt 1 failed for NIFTY: Expecting value: line 1 column 1 (char 0)
2025-07-17 09:40:52,276 - nse_backend_app - INFO - Initializing NSE session...
2025-07-17 09:40:53,012 - nse_backend_app - INFO - NSE session initialized successfully
2025-07-17 09:40:55,078 - nse_backend_app - WARNING - Attempt 2 failed for NIFTY: Expecting value: line 1 column 1 (char 0)
2025-07-17 09:40:55,078 - nse_backend_app - INFO - Initializing NSE session...
2025-07-17 09:40:56,290 - nse_backend_app - INFO - NSE session initialized successfully
2025-07-17 09:40:58,370 - nse_backend_app - WARNING - Attempt 3 failed for NIFTY: Expecting value: line 1 column 1 (char 0)
2025-07-17 09:40:58,844 - nse_backend_app - WARNING - Cycle took 6.63s, longer than interval 5s
2025-07-17 09:40:58,846 - nse_backend_app - INFO - --- Cycle #36 ---
2025-07-17 09:40:58,913 - nse_backend_app - WARNING - Attempt 1 failed for NIFTY: Expecting value: line 1 column 1 (char 0)
2025-07-17 09:40:58,951 - nse_backend_app - INFO - Initializing NSE session...
2025-07-17 09:40:59,741 - nse_backend_app - INFO - NSE session initialized successfully
2025-07-17 09:41:02,146 - nse_backend_app - WARNING - Attempt 2 failed for NIFTY: Expecting value: line 1 column 1 (char 0)
2025-07-17 09:41:02,176 - nse_backend_app - INFO - Initializing NSE session...
2025-07-17 09:41:03,053 - nse_backend_app - INFO - NSE session initialized successfully
2025-07-17 09:41:05,323 - nse_backend_app - WARNING - Attempt 3 failed for NIFTY: Expecting value: line 1 column 1 (char 0)
2025-07-17 09:41:06,996 - nse_backend_app - WARNING - Cycle took 8.15s, longer than interval 5s
2025-07-17 09:41:07,042 - nse_backend_app - INFO - --- Cycle #37 ---
2025-07-17 09:41:07,125 - nse_backend_app - WARNING - Attempt 1 failed for NIFTY: Expecting value: line 1 column 1 (char 0)
2025-07-17 09:41:07,135 - nse_backend_app - INFO - Initializing NSE session...
2025-07-17 09:41:07,883 - nse_backend_app - INFO - NSE session initialized successfully
2025-07-17 09:41:09,982 - nse_backend_app - WARNING - Attempt 2 failed for NIFTY: Expecting value: line 1 column 1 (char 0)
2025-07-17 09:41:09,984 - nse_backend_app - INFO - Initializing NSE session...
2025-07-17 09:41:11,000 - nse_backend_app - INFO - NSE session initialized successfully
2025-07-17 09:41:13,372 - nse_backend_app - WARNING - Attempt 3 failed for NIFTY: Expecting value: line 1 column 1 (char 0)
2025-07-17 09:41:13,451 - nse_backend_app - WARNING - Cycle took 6.41s, longer than interval 5s
2025-07-17 09:41:13,453 - nse_backend_app - INFO - --- Cycle #38 ---
2025-07-17 09:41:13,651 - nse_backend_app - WARNING - Attempt 1 failed for NIFTY: Expecting value: line 1 column 1 (char 0)
2025-07-17 09:41:13,700 - nse_backend_app - INFO - Initializing NSE session...
2025-07-17 09:41:14,550 - nse_backend_app - INFO - NSE session initialized successfully
2025-07-17 09:41:16,688 - nse_backend_app - WARNING - Attempt 2 failed for NIFTY: Expecting value: line 1 column 1 (char 0)
2025-07-17 09:41:16,746 - nse_backend_app - INFO - Initializing NSE session...
2025-07-17 09:41:17,736 - nse_backend_app - INFO - NSE session initialized successfully
2025-07-17 09:41:19,814 - nse_backend_app - WARNING - Attempt 3 failed for NIFTY: Expecting value: line 1 column 1 (char 0)
2025-07-17 09:41:19,845 - nse_backend_app - WARNING - Cycle took 6.39s, longer than interval 5s
2025-07-17 09:41:19,846 - nse_backend_app - INFO - --- Cycle #39 ---
2025-07-17 09:41:19,936 - nse_backend_app - WARNING - Attempt 1 failed for NIFTY: Expecting value: line 1 column 1 (char 0)
2025-07-17 09:41:19,937 - nse_backend_app - INFO - Initializing NSE session...
2025-07-17 09:41:21,094 - nse_backend_app - INFO - NSE session initialized successfully
2025-07-17 09:41:23,711 - nse_backend_app - WARNING - Attempt 2 failed for NIFTY: Expecting value: line 1 column 1 (char 0)
2025-07-17 09:41:23,720 - nse_backend_app - INFO - Initializing NSE session...
2025-07-17 09:41:24,642 - nse_backend_app - INFO - NSE session initialized successfully
2025-07-17 09:41:26,752 - nse_backend_app - WARNING - Attempt 3 failed for NIFTY: Expecting value: line 1 column 1 (char 0)
2025-07-17 09:41:26,794 - nse_backend_app - WARNING - Cycle took 6.95s, longer than interval 5s
2025-07-17 09:41:26,795 - nse_backend_app - INFO - --- Cycle #40 ---
2025-07-17 09:41:26,856 - nse_backend_app - WARNING - Attempt 1 failed for NIFTY: Expecting value: line 1 column 1 (char 0)
2025-07-17 09:41:26,912 - nse_backend_app - INFO - Initializing NSE session...
2025-07-17 09:41:27,602 - nse_backend_app - INFO - NSE session initialized successfully
2025-07-17 09:41:30,009 - nse_backend_app - WARNING - Attempt 2 failed for NIFTY: Expecting value: line 1 column 1 (char 0)
2025-07-17 09:41:30,010 - nse_backend_app - INFO - Initializing NSE session...
2025-07-17 09:41:30,854 - nse_backend_app - INFO - NSE session initialized successfully
2025-07-17 09:41:32,948 - nse_backend_app - WARNING - Attempt 3 failed for NIFTY: Expecting value: line 1 column 1 (char 0)
2025-07-17 09:41:33,497 - nse_backend_app - WARNING - Failed to get database statistics: unsupported format string passed to NoneType.__format__
2025-07-17 09:41:33,499 - nse_backend_app - WARNING - Cycle took 6.70s, longer than interval 5s
2025-07-17 09:41:33,499 - nse_backend_app - INFO - --- Cycle #41 ---
2025-07-17 09:41:33,568 - nse_backend_app - WARNING - Attempt 1 failed for NIFTY: Expecting value: line 1 column 1 (char 0)
2025-07-17 09:41:33,570 - nse_backend_app - INFO - Initializing NSE session...
2025-07-17 09:41:34,601 - nse_backend_app - INFO - NSE session initialized successfully
2025-07-17 09:41:36,667 - nse_backend_app - WARNING - Attempt 2 failed for NIFTY: Expecting value: line 1 column 1 (char 0)
2025-07-17 09:41:36,667 - nse_backend_app - INFO - Initializing NSE session...
2025-07-17 09:41:37,787 - nse_backend_app - INFO - NSE session initialized successfully
2025-07-17 09:41:40,018 - nse_backend_app - WARNING - Attempt 3 failed for NIFTY: Expecting value: line 1 column 1 (char 0)
2025-07-17 09:41:40,136 - nse_backend_app - WARNING - Cycle took 6.64s, longer than interval 5s
2025-07-17 09:41:40,138 - nse_backend_app - INFO - --- Cycle #42 ---
2025-07-17 09:41:40,202 - nse_backend_app - WARNING - Attempt 1 failed for NIFTY: Expecting value: line 1 column 1 (char 0)
2025-07-17 09:41:40,208 - nse_backend_app - INFO - Initializing NSE session...
2025-07-17 09:41:41,146 - nse_backend_app - INFO - NSE session initialized successfully
2025-07-17 09:41:43,211 - nse_backend_app - WARNING - Attempt 2 failed for NIFTY: Expecting value: line 1 column 1 (char 0)
2025-07-17 09:41:43,250 - nse_backend_app - INFO - Initializing NSE session...
2025-07-17 09:41:44,049 - nse_backend_app - INFO - NSE session initialized successfully
2025-07-17 09:41:46,284 - nse_backend_app - WARNING - Attempt 3 failed for NIFTY: Expecting value: line 1 column 1 (char 0)
2025-07-17 09:41:46,327 - nse_backend_app - WARNING - Cycle took 6.19s, longer than interval 5s
2025-07-17 09:41:46,328 - nse_backend_app - INFO - --- Cycle #43 ---
2025-07-17 09:41:46,660 - nse_backend_app - WARNING - Attempt 1 failed for NIFTY: Expecting value: line 1 column 1 (char 0)
2025-07-17 09:41:46,661 - nse_backend_app - INFO - Initializing NSE session...
2025-07-17 09:41:47,600 - nse_backend_app - INFO - NSE session initialized successfully
2025-07-17 09:41:49,692 - nse_backend_app - WARNING - Attempt 2 failed for NIFTY: Expecting value: line 1 column 1 (char 0)
2025-07-17 09:41:49,693 - nse_backend_app - INFO - Initializing NSE session...
2025-07-17 09:41:50,425 - nse_backend_app - INFO - NSE session initialized successfully
2025-07-17 09:41:53,127 - nse_backend_app - WARNING - Attempt 3 failed for NIFTY: Expecting value: line 1 column 1 (char 0)
2025-07-17 09:41:53,186 - nse_backend_app - WARNING - Cycle took 6.86s, longer than interval 5s
2025-07-17 09:41:53,192 - nse_backend_app - INFO - --- Cycle #44 ---
2025-07-17 09:41:53,262 - nse_backend_app - WARNING - Attempt 1 failed for NIFTY: Expecting value: line 1 column 1 (char 0)
2025-07-17 09:41:53,263 - nse_backend_app - INFO - Initializing NSE session...
2025-07-17 09:41:53,953 - nse_backend_app - INFO - NSE session initialized successfully
2025-07-17 09:41:56,054 - nse_backend_app - WARNING - Attempt 2 failed for NIFTY: Expecting value: line 1 column 1 (char 0)
2025-07-17 09:41:56,055 - nse_backend_app - INFO - Initializing NSE session...
2025-07-17 09:41:56,875 - nse_backend_app - INFO - NSE session initialized successfully
2025-07-17 09:41:58,933 - nse_backend_app - WARNING - Attempt 3 failed for NIFTY: Expecting value: line 1 column 1 (char 0)
2025-07-17 09:41:58,968 - nse_backend_app - WARNING - Cycle took 5.78s, longer than interval 5s
2025-07-17 09:41:58,968 - nse_backend_app - INFO - --- Cycle #45 ---
2025-07-17 09:41:59,034 - nse_backend_app - WARNING - Attempt 1 failed for NIFTY: Expecting value: line 1 column 1 (char 0)
2025-07-17 09:41:59,035 - nse_backend_app - INFO - Initializing NSE session...
2025-07-17 09:41:59,839 - nse_backend_app - INFO - NSE session initialized successfully
2025-07-17 09:42:01,904 - nse_backend_app - WARNING - Attempt 2 failed for NIFTY: Expecting value: line 1 column 1 (char 0)
2025-07-17 09:42:01,907 - nse_backend_app - INFO - Initializing NSE session...
2025-07-17 09:42:02,731 - nse_backend_app - INFO - NSE session initialized successfully
2025-07-17 09:42:04,811 - nse_backend_app - WARNING - Attempt 3 failed for NIFTY: Expecting value: line 1 column 1 (char 0)
2025-07-17 09:42:04,967 - nse_backend_app - WARNING - Cycle took 6.00s, longer than interval 5s
2025-07-17 09:42:04,969 - nse_backend_app - INFO - --- Cycle #46 ---
2025-07-17 09:42:05,048 - nse_backend_app - WARNING - Attempt 1 failed for NIFTY: Expecting value: line 1 column 1 (char 0)
2025-07-17 09:42:05,048 - nse_backend_app - INFO - Initializing NSE session...
2025-07-17 09:42:05,958 - nse_backend_app - INFO - NSE session initialized successfully
2025-07-17 09:42:08,032 - nse_backend_app - WARNING - Attempt 2 failed for NIFTY: Expecting value: line 1 column 1 (char 0)
2025-07-17 09:42:08,032 - nse_backend_app - INFO - Initializing NSE session...
2025-07-17 09:42:09,059 - nse_backend_app - INFO - NSE session initialized successfully
2025-07-17 09:42:11,969 - nse_backend_app - WARNING - Attempt 3 failed for NIFTY: Expecting value: line 1 column 1 (char 0)
2025-07-17 09:42:12,007 - nse_backend_app - WARNING - Cycle took 7.04s, longer than interval 5s
2025-07-17 09:42:12,008 - nse_backend_app - INFO - --- Cycle #47 ---
2025-07-17 09:42:12,071 - nse_backend_app - WARNING - Attempt 1 failed for NIFTY: Expecting value: line 1 column 1 (char 0)
2025-07-17 09:42:12,072 - nse_backend_app - INFO - Initializing NSE session...
2025-07-17 09:42:13,215 - nse_backend_app - INFO - NSE session initialized successfully
2025-07-17 09:42:15,290 - nse_backend_app - WARNING - Attempt 2 failed for NIFTY: Expecting value: line 1 column 1 (char 0)
2025-07-17 09:42:15,291 - nse_backend_app - INFO - Initializing NSE session...
2025-07-17 09:42:16,031 - nse_backend_app - INFO - NSE session initialized successfully
2025-07-17 09:42:18,101 - nse_backend_app - WARNING - Attempt 3 failed for NIFTY: Expecting value: line 1 column 1 (char 0)
2025-07-17 09:42:18,137 - nse_backend_app - WARNING - Cycle took 6.13s, longer than interval 5s
2025-07-17 09:42:18,138 - nse_backend_app - INFO - --- Cycle #48 ---
2025-07-17 09:42:18,196 - nse_backend_app - WARNING - Attempt 1 failed for NIFTY: Expecting value: line 1 column 1 (char 0)
2025-07-17 09:42:18,197 - nse_backend_app - INFO - Initializing NSE session...
2025-07-17 09:42:19,667 - nse_backend_app - INFO - NSE session initialized successfully
2025-07-17 09:42:21,731 - nse_backend_app - WARNING - Attempt 2 failed for NIFTY: Expecting value: line 1 column 1 (char 0)
2025-07-17 09:42:21,732 - nse_backend_app - INFO - Initializing NSE session...
2025-07-17 09:42:22,363 - nse_backend_app - INFO - NSE session initialized successfully
2025-07-17 09:42:24,435 - nse_backend_app - WARNING - Attempt 3 failed for NIFTY: Expecting value: line 1 column 1 (char 0)
2025-07-17 09:42:24,530 - nse_backend_app - WARNING - Cycle took 6.39s, longer than interval 5s
2025-07-17 09:42:24,532 - nse_backend_app - INFO - --- Cycle #49 ---
2025-07-17 09:42:24,604 - nse_backend_app - WARNING - Attempt 1 failed for NIFTY: Expecting value: line 1 column 1 (char 0)
2025-07-17 09:42:24,618 - nse_backend_app - INFO - Initializing NSE session...
2025-07-17 09:42:25,269 - nse_backend_app - INFO - NSE session initialized successfully
2025-07-17 09:42:27,331 - nse_backend_app - WARNING - Attempt 2 failed for NIFTY: Expecting value: line 1 column 1 (char 0)
2025-07-17 09:42:27,332 - nse_backend_app - INFO - Initializing NSE session...
2025-07-17 09:42:28,164 - nse_backend_app - INFO - NSE session initialized successfully
2025-07-17 09:42:30,279 - nse_backend_app - WARNING - Attempt 3 failed for NIFTY: Expecting value: line 1 column 1 (char 0)
2025-07-17 09:42:30,474 - nse_backend_app - WARNING - Cycle took 5.94s, longer than interval 5s
2025-07-17 09:42:30,488 - nse_backend_app - INFO - --- Cycle #50 ---
2025-07-17 09:42:30,610 - nse_backend_app - WARNING - Attempt 1 failed for NIFTY: Expecting value: line 1 column 1 (char 0)
2025-07-17 09:42:30,613 - nse_backend_app - INFO - Initializing NSE session...
2025-07-17 09:42:31,736 - nse_backend_app - INFO - NSE session initialized successfully
2025-07-17 09:42:33,810 - nse_backend_app - WARNING - Attempt 2 failed for NIFTY: Expecting value: line 1 column 1 (char 0)
2025-07-17 09:42:33,810 - nse_backend_app - INFO - Initializing NSE session...
2025-07-17 09:42:34,708 - nse_backend_app - INFO - NSE session initialized successfully
2025-07-17 09:42:36,930 - nse_backend_app - WARNING - Attempt 3 failed for NIFTY: Expecting value: line 1 column 1 (char 0)
2025-07-17 09:42:37,302 - nse_backend_app - WARNING - Failed to get database statistics: unsupported format string passed to NoneType.__format__
2025-07-17 09:42:37,303 - nse_backend_app - WARNING - Cycle took 6.82s, longer than interval 5s
2025-07-17 09:42:37,304 - nse_backend_app - INFO - --- Cycle #51 ---
2025-07-17 09:42:38,434 - nse_backend_app - WARNING - Attempt 1 failed for NIFTY: Expecting value: line 1 column 1 (char 0)
2025-07-17 09:42:38,435 - nse_backend_app - INFO - Initializing NSE session...
2025-07-17 09:42:39,448 - nse_backend_app - INFO - NSE session initialized successfully
2025-07-17 09:42:41,541 - nse_backend_app - WARNING - Attempt 2 failed for NIFTY: Expecting value: line 1 column 1 (char 0)
2025-07-17 09:42:41,542 - nse_backend_app - INFO - Initializing NSE session...
2025-07-17 09:42:42,422 - nse_backend_app - INFO - NSE session initialized successfully
2025-07-17 09:42:44,491 - nse_backend_app - WARNING - Attempt 3 failed for NIFTY: Expecting value: line 1 column 1 (char 0)
2025-07-17 09:42:44,546 - nse_backend_app - WARNING - Cycle took 7.24s, longer than interval 5s
2025-07-17 09:42:44,548 - nse_backend_app - INFO - --- Cycle #52 ---
2025-07-17 09:42:44,641 - nse_backend_app - WARNING - Attempt 1 failed for NIFTY: Expecting value: line 1 column 1 (char 0)
2025-07-17 09:42:44,642 - nse_backend_app - INFO - Initializing NSE session...
2025-07-17 09:42:45,380 - nse_backend_app - INFO - NSE session initialized successfully
2025-07-17 09:42:47,730 - nse_backend_app - WARNING - Attempt 2 failed for NIFTY: Expecting value: line 1 column 1 (char 0)
2025-07-17 09:42:47,737 - nse_backend_app - INFO - Initializing NSE session...
2025-07-17 09:42:48,461 - nse_backend_app - INFO - NSE session initialized successfully
2025-07-17 09:42:50,580 - nse_backend_app - WARNING - Attempt 3 failed for NIFTY: Expecting value: line 1 column 1 (char 0)
2025-07-17 09:42:50,803 - nse_backend_app - WARNING - Cycle took 6.26s, longer than interval 5s
2025-07-17 09:42:50,805 - nse_backend_app - INFO - --- Cycle #53 ---
2025-07-17 09:42:50,931 - nse_backend_app - WARNING - Attempt 1 failed for NIFTY: Expecting value: line 1 column 1 (char 0)
2025-07-17 09:42:50,932 - nse_backend_app - INFO - Initializing NSE session...
2025-07-17 09:42:51,697 - nse_backend_app - INFO - NSE session initialized successfully
2025-07-17 09:42:53,798 - nse_backend_app - WARNING - Attempt 2 failed for NIFTY: Expecting value: line 1 column 1 (char 0)
2025-07-17 09:42:53,803 - nse_backend_app - INFO - Initializing NSE session...
2025-07-17 09:42:55,077 - nse_backend_app - INFO - NSE session initialized successfully
2025-07-17 09:42:57,796 - nse_backend_app - WARNING - Attempt 3 failed for NIFTY: Expecting value: line 1 column 1 (char 0)
2025-07-17 09:43:02,511 - nse_backend_app - WARNING - Cycle took 11.71s, longer than interval 5s
2025-07-17 09:43:02,687 - nse_backend_app - INFO - --- Cycle #54 ---
2025-07-17 09:43:02,919 - nse_backend_app - WARNING - Attempt 1 failed for NIFTY: Expecting value: line 1 column 1 (char 0)
2025-07-17 09:43:02,989 - nse_backend_app - INFO - Initializing NSE session...
2025-07-17 09:43:04,020 - nse_backend_app - INFO - NSE session initialized successfully
2025-07-17 09:43:06,880 - nse_backend_app - WARNING - Attempt 2 failed for NIFTY: Expecting value: line 1 column 1 (char 0)
2025-07-17 09:43:07,064 - nse_backend_app - INFO - Initializing NSE session...
2025-07-17 09:43:08,196 - nse_backend_app - INFO - NSE session initialized successfully
2025-07-17 09:43:10,366 - nse_backend_app - WARNING - Attempt 3 failed for NIFTY: Expecting value: line 1 column 1 (char 0)
2025-07-17 09:43:12,587 - nse_backend_app - WARNING - Cycle took 9.90s, longer than interval 5s
2025-07-17 09:43:12,640 - nse_backend_app - INFO - --- Cycle #55 ---
2025-07-17 09:43:12,792 - nse_backend_app - WARNING - Attempt 1 failed for NIFTY: Expecting value: line 1 column 1 (char 0)
2025-07-17 09:43:12,997 - nse_backend_app - INFO - Initializing NSE session...
2025-07-17 09:43:13,837 - nse_backend_app - INFO - NSE session initialized successfully
2025-07-17 09:43:16,347 - nse_backend_app - WARNING - Attempt 2 failed for NIFTY: Expecting value: line 1 column 1 (char 0)
2025-07-17 09:43:16,376 - nse_backend_app - INFO - Initializing NSE session...
2025-07-17 09:43:17,086 - nse_backend_app - INFO - NSE session initialized successfully
2025-07-17 09:43:19,166 - nse_backend_app - WARNING - Attempt 3 failed for NIFTY: Expecting value: line 1 column 1 (char 0)
2025-07-17 09:43:21,609 - nse_backend_app - WARNING - Cycle took 8.97s, longer than interval 5s
2025-07-17 09:43:21,750 - nse_backend_app - INFO - --- Cycle #56 ---
2025-07-17 09:43:22,126 - nse_backend_app - WARNING - Attempt 1 failed for NIFTY: Expecting value: line 1 column 1 (char 0)
2025-07-17 09:43:22,243 - nse_backend_app - INFO - Initializing NSE session...
2025-07-17 09:43:23,292 - nse_backend_app - INFO - NSE session initialized successfully
2025-07-17 09:43:25,792 - nse_backend_app - WARNING - Attempt 2 failed for NIFTY: Expecting value: line 1 column 1 (char 0)
2025-07-17 09:43:25,797 - nse_backend_app - INFO - Initializing NSE session...
2025-07-17 09:43:26,832 - nse_backend_app - INFO - NSE session initialized successfully
2025-07-17 09:43:28,909 - nse_backend_app - WARNING - Attempt 3 failed for NIFTY: Expecting value: line 1 column 1 (char 0)
2025-07-17 09:43:29,142 - nse_backend_app - WARNING - Cycle took 7.39s, longer than interval 5s
2025-07-17 09:43:29,163 - nse_backend_app - INFO - --- Cycle #57 ---
2025-07-17 09:43:29,381 - nse_backend_app - WARNING - Attempt 1 failed for NIFTY: Expecting value: line 1 column 1 (char 0)
2025-07-17 09:43:29,387 - nse_backend_app - INFO - Initializing NSE session...
2025-07-17 09:43:30,365 - nse_backend_app - INFO - NSE session initialized successfully
2025-07-17 09:43:32,432 - nse_backend_app - WARNING - Attempt 2 failed for NIFTY: Expecting value: line 1 column 1 (char 0)
2025-07-17 09:43:32,433 - nse_backend_app - INFO - Initializing NSE session...
2025-07-17 09:43:33,217 - nse_backend_app - INFO - NSE session initialized successfully
2025-07-17 09:43:35,281 - nse_backend_app - WARNING - Attempt 3 failed for NIFTY: Expecting value: line 1 column 1 (char 0)
2025-07-17 09:43:35,359 - nse_backend_app - WARNING - Cycle took 6.20s, longer than interval 5s
2025-07-17 09:43:35,359 - nse_backend_app - INFO - --- Cycle #58 ---
2025-07-17 09:43:35,430 - nse_backend_app - WARNING - Attempt 1 failed for NIFTY: Expecting value: line 1 column 1 (char 0)
2025-07-17 09:43:35,432 - nse_backend_app - INFO - Initializing NSE session...
2025-07-17 09:43:36,237 - nse_backend_app - INFO - NSE session initialized successfully
2025-07-17 09:43:38,295 - nse_backend_app - WARNING - Attempt 2 failed for NIFTY: Expecting value: line 1 column 1 (char 0)
2025-07-17 09:43:38,296 - nse_backend_app - INFO - Initializing NSE session...
2025-07-17 09:43:39,545 - nse_backend_app - INFO - NSE session initialized successfully
2025-07-17 09:43:41,609 - nse_backend_app - WARNING - Attempt 3 failed for NIFTY: Expecting value: line 1 column 1 (char 0)
2025-07-17 09:43:42,347 - nse_backend_app - WARNING - Cycle took 6.99s, longer than interval 5s
2025-07-17 09:43:42,348 - nse_backend_app - INFO - --- Cycle #59 ---
2025-07-17 09:43:42,422 - nse_backend_app - WARNING - Attempt 1 failed for NIFTY: Expecting value: line 1 column 1 (char 0)
2025-07-17 09:43:42,423 - nse_backend_app - INFO - Initializing NSE session...
2025-07-17 09:43:43,477 - nse_backend_app - INFO - NSE session initialized successfully
2025-07-17 09:43:45,567 - nse_backend_app - WARNING - Attempt 2 failed for NIFTY: Expecting value: line 1 column 1 (char 0)
2025-07-17 09:43:45,568 - nse_backend_app - INFO - Initializing NSE session...
2025-07-17 09:43:46,439 - nse_backend_app - INFO - NSE session initialized successfully
2025-07-17 09:43:48,503 - nse_backend_app - WARNING - Attempt 3 failed for NIFTY: Expecting value: line 1 column 1 (char 0)
2025-07-17 09:43:48,553 - nse_backend_app - WARNING - Cycle took 6.21s, longer than interval 5s
2025-07-17 09:43:48,554 - nse_backend_app - INFO - --- Cycle #60 ---
2025-07-17 09:43:48,609 - nse_backend_app - WARNING - Attempt 1 failed for NIFTY: Expecting value: line 1 column 1 (char 0)
2025-07-17 09:43:48,663 - nse_backend_app - INFO - Initializing NSE session...
2025-07-17 09:43:49,667 - nse_backend_app - INFO - NSE session initialized successfully
2025-07-17 09:43:51,752 - nse_backend_app - WARNING - Attempt 2 failed for NIFTY: Expecting value: line 1 column 1 (char 0)
2025-07-17 09:43:51,752 - nse_backend_app - INFO - Initializing NSE session...
2025-07-17 09:43:52,491 - nse_backend_app - INFO - NSE session initialized successfully
2025-07-17 09:43:54,548 - nse_backend_app - WARNING - Attempt 3 failed for NIFTY: Expecting value: line 1 column 1 (char 0)
2025-07-17 09:43:54,967 - nse_backend_app - WARNING - Failed to get database statistics: unsupported format string passed to NoneType.__format__
2025-07-17 09:43:54,967 - nse_backend_app - WARNING - Cycle took 6.41s, longer than interval 5s
2025-07-17 09:43:54,968 - nse_backend_app - INFO - --- Cycle #61 ---
2025-07-17 09:43:55,022 - nse_backend_app - WARNING - Attempt 1 failed for NIFTY: Expecting value: line 1 column 1 (char 0)
2025-07-17 09:43:55,023 - nse_backend_app - INFO - Initializing NSE session...
2025-07-17 09:43:55,836 - nse_backend_app - INFO - NSE session initialized successfully
2025-07-17 09:43:57,972 - nse_backend_app - WARNING - Attempt 2 failed for NIFTY: Expecting value: line 1 column 1 (char 0)
2025-07-17 09:43:57,973 - nse_backend_app - INFO - Initializing NSE session...
2025-07-17 09:43:58,708 - nse_backend_app - INFO - NSE session initialized successfully
2025-07-17 09:44:00,768 - nse_backend_app - WARNING - Attempt 3 failed for NIFTY: Expecting value: line 1 column 1 (char 0)
2025-07-17 09:44:00,801 - nse_backend_app - WARNING - Cycle took 5.83s, longer than interval 5s
2025-07-17 09:44:00,802 - nse_backend_app - INFO - --- Cycle #62 ---
2025-07-17 09:44:00,867 - nse_backend_app - WARNING - Attempt 1 failed for NIFTY: Expecting value: line 1 column 1 (char 0)
2025-07-17 09:44:00,867 - nse_backend_app - INFO - Initializing NSE session...
2025-07-17 09:44:01,577 - nse_backend_app - INFO - NSE session initialized successfully
2025-07-17 09:44:03,685 - nse_backend_app - WARNING - Attempt 2 failed for NIFTY: Expecting value: line 1 column 1 (char 0)
2025-07-17 09:44:03,686 - nse_backend_app - INFO - Initializing NSE session...
2025-07-17 09:44:04,411 - nse_backend_app - INFO - NSE session initialized successfully
2025-07-17 09:44:06,471 - nse_backend_app - WARNING - Attempt 3 failed for NIFTY: Expecting value: line 1 column 1 (char 0)
2025-07-17 09:44:06,503 - nse_backend_app - WARNING - Cycle took 5.70s, longer than interval 5s
2025-07-17 09:44:06,505 - nse_backend_app - INFO - --- Cycle #63 ---
2025-07-17 09:44:06,576 - nse_backend_app - WARNING - Attempt 1 failed for NIFTY: Expecting value: line 1 column 1 (char 0)
2025-07-17 09:44:06,577 - nse_backend_app - INFO - Initializing NSE session...
2025-07-17 09:44:07,535 - nse_backend_app - INFO - NSE session initialized successfully
2025-07-17 09:44:09,599 - nse_backend_app - WARNING - Attempt 2 failed for NIFTY: Expecting value: line 1 column 1 (char 0)
2025-07-17 09:44:09,600 - nse_backend_app - INFO - Initializing NSE session...
2025-07-17 09:44:11,278 - nse_backend_app - INFO - NSE session initialized successfully
2025-07-17 09:44:14,277 - nse_backend_app - WARNING - Attempt 3 failed for NIFTY: Expecting value: line 1 column 1 (char 0)
2025-07-17 09:44:14,509 - nse_backend_app - WARNING - Cycle took 8.00s, longer than interval 5s
2025-07-17 09:44:14,509 - nse_backend_app - INFO - --- Cycle #64 ---
2025-07-17 09:44:15,123 - nse_backend_app - WARNING - Attempt 1 failed for NIFTY: Expecting value: line 1 column 1 (char 0)
2025-07-17 09:44:15,124 - nse_backend_app - INFO - Initializing NSE session...
2025-07-17 09:44:17,119 - nse_backend_app - INFO - NSE session initialized successfully
2025-07-17 09:44:21,820 - nse_backend_app - WARNING - Attempt 2 failed for NIFTY: Expecting value: line 1 column 1 (char 0)
2025-07-17 09:44:21,821 - nse_backend_app - INFO - Initializing NSE session...
2025-07-17 09:44:22,824 - nse_backend_app - INFO - NSE session initialized successfully
2025-07-17 09:44:24,283 - nse_backend_app - INFO - Received signal 2, initiating graceful shutdown...
2025-07-17 09:44:25,173 - nse_backend_app - WARNING - Attempt 3 failed for NIFTY: Expecting value: line 1 column 1 (char 0)
2025-07-17 09:44:25,227 - nse_backend_app - WARNING - Cycle took 10.72s, longer than interval 5s
2025-07-17 09:44:25,228 - nse_backend_app - INFO - Cleaning up pipeline resources...
2025-07-17 09:44:25,380 - nse_backend_app - INFO - Database connection closed
2025-07-17 09:44:25,381 - nse_backend_app - INFO - Pipeline shutdown complete
2025-07-17 09:44:26,881 - nse_backend_app - INFO - Received signal 2, initiating graceful shutdown...
2025-07-17 09:51:32,938 - nse_backend - INFO - ============================================================
2025-07-17 09:51:32,939 - nse_backend - INFO - NSE Option Chain Backend - Starting Up
2025-07-17 09:51:32,939 - nse_backend - INFO - ============================================================
2025-07-17 09:51:32,940 - nse_backend - INFO - Starting NSE Option Chain Backend...
2025-07-17 09:51:32,940 - nse_backend - INFO - Configuration: Fetch interval=5s, Symbols=['NIFTY']
2025-07-17 09:51:32,941 - nse_backend - INFO - Connecting to MongoDB Atlas...
2025-07-17 09:51:41,827 - nse_backend - INFO - Successfully connected to MongoDB Atlas
2025-07-17 09:51:41,827 - nse_backend - INFO - Setting up MongoDB indexes...
2025-07-17 09:51:42,320 - nse_backend - INFO - MongoDB indexes created successfully
2025-07-17 09:51:42,320 - nse_backend - INFO - Initializing data pipeline components...
2025-07-17 09:51:42,321 - nse_backend - INFO - Initializing NSE session...
2025-07-17 09:51:47,424 - nse_backend - INFO - NSE session initialized successfully
2025-07-17 09:51:47,425 - nse_backend - INFO - Connecting to MongoDB Atlas...
2025-07-17 09:51:53,899 - nse_backend - INFO - Successfully connected to MongoDB Atlas
2025-07-17 09:51:53,900 - nse_backend - INFO - Setting up MongoDB indexes...
2025-07-17 09:51:54,137 - nse_backend - INFO - MongoDB indexes created successfully
2025-07-17 09:51:54,137 - nse_backend - INFO - Data pipeline components initialized successfully
2025-07-17 09:51:54,138 - nse_backend - INFO - Starting continuous data pipeline for symbols: ['NIFTY']
2025-07-17 09:51:54,139 - nse_backend - INFO - Data pipeline started in background thread
2025-07-17 09:51:54,139 - nse_backend - INFO - Fetch interval: 5 seconds
2025-07-17 09:51:54,139 - nse_backend - INFO - NSE Option Chain Backend started successfully
2025-07-17 09:51:54,140 - nse_backend - INFO - --- Cycle #1 ---
2025-07-17 09:51:54,253 - nse_backend - WARNING - JSON parsing failed. Response preview: UN >5jFm'7Udk	lTd2^3F/>_4uuCF?|:#{hz
W<>|B0Jvra}ApQXV<G>lg{|z8Usov;6...
2025-07-17 09:51:54,255 - nse_backend - WARNING - Attempt 1 failed for NIFTY: Invalid JSON response: Expecting value: line 1 column 1 (char 0)
2025-07-17 09:51:54,256 - nse_backend - INFO - Initializing NSE session...
2025-07-17 09:51:58,593 - nse_backend - INFO - NSE session initialized successfully
2025-07-17 09:52:01,745 - nse_backend - WARNING - JSON parsing failed. Response preview: UN >5jFm'7Udk	lTd2^3F/>_4uuCF?|:#{hz
W<>|B0Jvra}ApQXV<G>lg{|z8Usov;6...
2025-07-17 09:52:01,749 - nse_backend - WARNING - Attempt 2 failed for NIFTY: Invalid JSON response: Expecting value: line 1 column 1 (char 0)
2025-07-17 09:52:01,750 - nse_backend - INFO - Initializing NSE session...
2025-07-17 09:52:05,902 - nse_backend - INFO - NSE session initialized successfully
2025-07-17 09:52:09,062 - nse_backend - WARNING - JSON parsing failed. Response preview: UN >5jFm'7Udk	lTd2^3F/>_4uuCF?|:#{hz
W<>|B0Jvra}ApQXV<G>lg{|z8Usov;6...
2025-07-17 09:52:09,065 - nse_backend - WARNING - Attempt 3 failed for NIFTY: Invalid JSON response: Expecting value: line 1 column 1 (char 0)
2025-07-17 09:52:09,065 - nse_backend - WARNING - Using fallback data for NIFTY
2025-07-17 09:52:09,124 - nse_backend - INFO - Parsed 1 CALL and 1 PUT options for NIFTY
2025-07-17 09:52:09,203 - nse_backend - INFO - Storage complete - Calls: 1 inserted, 0 skipped | Puts: 1 inserted, 0 skipped
2025-07-17 09:52:09,205 - nse_backend - INFO - [SUCCESS] Cycle completed for NIFTY in 15.06s - Calls: 1 inserted, 0 skipped | Puts: 1 inserted, 0 skipped
2025-07-17 09:52:09,205 - nse_backend - WARNING - Cycle took 15.07s, longer than interval 5s
2025-07-17 09:52:09,206 - nse_backend - INFO - --- Cycle #2 ---
2025-07-17 09:52:09,304 - nse_backend - WARNING - JSON parsing failed. Response preview: UN >5jFm'7Udk	lTd2^3F/>_4uuCF?|:#{hz
W<>|B0Jvra}ApQXV<G>lg{|z8Usov;6...
2025-07-17 09:52:09,307 - nse_backend - WARNING - Attempt 1 failed for NIFTY: Invalid JSON response: Expecting value: line 1 column 1 (char 0)
2025-07-17 09:52:09,308 - nse_backend - INFO - Initializing NSE session...
2025-07-17 09:52:13,962 - nse_backend - INFO - NSE session initialized successfully
2025-07-17 09:52:17,725 - nse_backend - WARNING - JSON parsing failed. Response preview: UN R;]3b$d
0q42
j\8
NXT _;>i=jULcZXYa9n~:7!>~{Us6}q]5ng>...
2025-07-17 09:52:17,734 - nse_backend - WARNING - Attempt 2 failed for NIFTY: Invalid JSON response: Expecting value: line 1 column 1 (char 0)
2025-07-17 09:52:17,736 - nse_backend - INFO - Initializing NSE session...
2025-07-17 09:52:22,115 - nse_backend - INFO - NSE session initialized successfully
2025-07-17 09:52:25,281 - nse_backend - WARNING - JSON parsing failed. Response preview: UN R;]3b$d
0q42
j\8
NXT _;>i=jULcZXYa9n~:7!>~{Us6}q]5ng>...
2025-07-17 09:52:25,285 - nse_backend - WARNING - Attempt 3 failed for NIFTY: Invalid JSON response: Expecting value: line 1 column 1 (char 0)
2025-07-17 09:52:25,285 - nse_backend - WARNING - Using fallback data for NIFTY
2025-07-17 09:52:25,286 - nse_backend - INFO - Parsed 1 CALL and 1 PUT options for NIFTY
2025-07-17 09:52:25,415 - nse_backend - INFO - Storage complete - Calls: 1 inserted, 0 skipped | Puts: 1 inserted, 0 skipped
2025-07-17 09:52:25,416 - nse_backend - INFO - [SUCCESS] Cycle completed for NIFTY in 16.21s - Calls: 1 inserted, 0 skipped | Puts: 1 inserted, 0 skipped
2025-07-17 09:52:25,417 - nse_backend - WARNING - Cycle took 16.21s, longer than interval 5s
2025-07-17 09:52:25,417 - nse_backend - INFO - --- Cycle #3 ---
2025-07-17 09:52:25,489 - nse_backend - WARNING - JSON parsing failed. Response preview: UN R;]3b$d
0q42
j\8
NXT _;>i=jULcZXYa9n~:7!>~{Us6}q]5ng>...
2025-07-17 09:52:25,492 - nse_backend - WARNING - Attempt 1 failed for NIFTY: Invalid JSON response: Expecting value: line 1 column 1 (char 0)
2025-07-17 09:52:25,493 - nse_backend - INFO - Initializing NSE session...
2025-07-17 09:52:30,563 - nse_backend - INFO - NSE session initialized successfully
2025-07-17 09:52:33,677 - nse_backend - WARNING - JSON parsing failed. Response preview: UN R;]3b$d
0q42
j\8
NXT _;>i=jULcZXYa9n~:7!>~{Us6}q]5ng>...
2025-07-17 09:52:33,683 - nse_backend - WARNING - Attempt 2 failed for NIFTY: Invalid JSON response: Expecting value: line 1 column 1 (char 0)
2025-07-17 09:52:33,685 - nse_backend - INFO - Initializing NSE session...
2025-07-17 09:52:38,395 - nse_backend - INFO - NSE session initialized successfully
2025-07-17 09:52:41,487 - nse_backend - WARNING - JSON parsing failed. Response preview: UN R;]3b$d
0q42
j\8
NXT _;>i=jULcZXYa9n~:7!>~{Us6}q]5ng>...
2025-07-17 09:52:41,489 - nse_backend - WARNING - Attempt 3 failed for NIFTY: Invalid JSON response: Expecting value: line 1 column 1 (char 0)
2025-07-17 09:52:41,489 - nse_backend - WARNING - Using fallback data for NIFTY
2025-07-17 09:52:41,490 - nse_backend - INFO - Parsed 1 CALL and 1 PUT options for NIFTY
2025-07-17 09:52:41,586 - nse_backend - INFO - Storage complete - Calls: 1 inserted, 0 skipped | Puts: 1 inserted, 0 skipped
2025-07-17 09:52:41,587 - nse_backend - INFO - [SUCCESS] Cycle completed for NIFTY in 16.17s - Calls: 1 inserted, 0 skipped | Puts: 1 inserted, 0 skipped
2025-07-17 09:52:41,588 - nse_backend - WARNING - Cycle took 16.17s, longer than interval 5s
2025-07-17 09:52:41,588 - nse_backend - INFO - --- Cycle #4 ---
2025-07-17 09:52:41,669 - nse_backend - WARNING - JSON parsing failed. Response preview: UN R;]3b$d
0q42
j\8
NXT _;>i=jULcZXYa9n~:7!>~{Us6}q]5ng>...
2025-07-17 09:52:41,672 - nse_backend - WARNING - Attempt 1 failed for NIFTY: Invalid JSON response: Expecting value: line 1 column 1 (char 0)
2025-07-17 09:52:41,673 - nse_backend - INFO - Initializing NSE session...
2025-07-17 09:52:45,820 - nse_backend - INFO - NSE session initialized successfully
2025-07-17 09:52:49,222 - nse_backend - WARNING - JSON parsing failed. Response preview: UN R;]3b$d
0q42
j\8
NXT _;>i=jULcZXYa9n~:7!>~{Us6}q]5ng>...
2025-07-17 09:52:49,225 - nse_backend - WARNING - Attempt 2 failed for NIFTY: Invalid JSON response: Expecting value: line 1 column 1 (char 0)
2025-07-17 09:52:49,225 - nse_backend - INFO - Initializing NSE session...
2025-07-17 09:52:54,098 - nse_backend - INFO - NSE session initialized successfully
2025-07-17 09:52:58,082 - nse_backend - WARNING - JSON parsing failed. Response preview: UN R;]3b$d
0q42
j\8
NXT _;>i=jULcZXYa9n~:7!>~{Us6}q]5ng>...
2025-07-17 09:52:58,085 - nse_backend - WARNING - Attempt 3 failed for NIFTY: Invalid JSON response: Expecting value: line 1 column 1 (char 0)
2025-07-17 09:52:58,086 - nse_backend - WARNING - Using fallback data for NIFTY
2025-07-17 09:52:58,087 - nse_backend - INFO - Parsed 1 CALL and 1 PUT options for NIFTY
2025-07-17 09:52:58,464 - nse_backend - INFO - Storage complete - Calls: 1 inserted, 0 skipped | Puts: 1 inserted, 0 skipped
2025-07-17 09:52:58,466 - nse_backend - INFO - [SUCCESS] Cycle completed for NIFTY in 16.88s - Calls: 1 inserted, 0 skipped | Puts: 1 inserted, 0 skipped
2025-07-17 09:52:58,467 - nse_backend - WARNING - Cycle took 16.88s, longer than interval 5s
2025-07-17 09:52:58,468 - nse_backend - INFO - --- Cycle #5 ---
2025-07-17 09:52:58,785 - nse_backend - WARNING - JSON parsing failed. Response preview: UN R;]3b$d
0q42
j\8
NXT _;>i=jULcZXYa9n~:7!>~{Us6}q]5ng>...
2025-07-17 09:52:58,789 - nse_backend - WARNING - Attempt 1 failed for NIFTY: Invalid JSON response: Expecting value: line 1 column 1 (char 0)
2025-07-17 09:52:58,790 - nse_backend - INFO - Initializing NSE session...
2025-07-17 09:53:03,248 - nse_backend - INFO - NSE session initialized successfully
2025-07-17 09:53:06,493 - nse_backend - WARNING - JSON parsing failed. Response preview: UN R;]3b$d
0q42
j\8
NXT _;>i=jULcZXYa9n~:7!>~{Us6}q]5ng>...
2025-07-17 09:53:06,502 - nse_backend - WARNING - Attempt 2 failed for NIFTY: Invalid JSON response: Expecting value: line 1 column 1 (char 0)
2025-07-17 09:53:06,519 - nse_backend - INFO - Initializing NSE session...
2025-07-17 09:53:10,954 - nse_backend - INFO - NSE session initialized successfully
2025-07-17 09:53:16,656 - nse_backend - WARNING - JSON parsing failed. Response preview: m?{R.B@*Rgdv@
V[)j=t:9[kL4IL*q7'Tk O|s-}`G|,ec8m	l.~cu;NNwyd,RN?V|...
2025-07-17 09:53:16,662 - nse_backend - WARNING - Attempt 3 failed for NIFTY: Invalid JSON response: Expecting value: line 1 column 1 (char 0)
2025-07-17 09:53:16,687 - nse_backend - WARNING - Using fallback data for NIFTY
2025-07-17 09:53:16,707 - nse_backend - INFO - Parsed 1 CALL and 1 PUT options for NIFTY
2025-07-17 09:53:16,816 - nse_backend - INFO - Storage complete - Calls: 1 inserted, 0 skipped | Puts: 1 inserted, 0 skipped
2025-07-17 09:53:16,817 - nse_backend - INFO - [SUCCESS] Cycle completed for NIFTY in 18.35s - Calls: 1 inserted, 0 skipped | Puts: 1 inserted, 0 skipped
2025-07-17 09:53:16,818 - nse_backend - WARNING - Cycle took 18.35s, longer than interval 5s
2025-07-17 09:53:16,819 - nse_backend - INFO - --- Cycle #6 ---
2025-07-17 09:53:17,086 - nse_backend - WARNING - JSON parsing failed. Response preview: m?{R.B@*Rgdv@
V[)j=t:9[kL4IL*q7'Tk O|s-}`G|,ec8m	l.~cu;NNwyd,RN?V|...
2025-07-17 09:53:17,195 - nse_backend - WARNING - Attempt 1 failed for NIFTY: Invalid JSON response: Expecting value: line 1 column 1 (char 0)
2025-07-17 09:53:17,206 - nse_backend - INFO - Initializing NSE session...
2025-07-17 09:53:21,952 - nse_backend - INFO - NSE session initialized successfully
2025-07-17 09:53:25,156 - nse_backend - WARNING - JSON parsing failed. Response preview: m?{R.B@*Rgdv@
V[)j=t:9[kL4IL*q7'Tk O|s-}`G|,ec8m	l.~cu;NNwyd,RN?V|...
2025-07-17 09:53:25,159 - nse_backend - WARNING - Attempt 2 failed for NIFTY: Invalid JSON response: Expecting value: line 1 column 1 (char 0)
2025-07-17 09:53:25,160 - nse_backend - INFO - Initializing NSE session...
2025-07-17 09:53:29,544 - nse_backend - INFO - NSE session initialized successfully
2025-07-17 09:53:32,669 - nse_backend - WARNING - JSON parsing failed. Response preview: m?{R.B@*Rgdv@
V[)j=t:9[kL4IL*q7'Tk O|s-}`G|,ec8m	l.~cu;NNwyd,RN?V|...
2025-07-17 09:53:32,671 - nse_backend - WARNING - Attempt 3 failed for NIFTY: Invalid JSON response: Expecting value: line 1 column 1 (char 0)
2025-07-17 09:53:32,672 - nse_backend - WARNING - Using fallback data for NIFTY
2025-07-17 09:53:32,673 - nse_backend - INFO - Parsed 1 CALL and 1 PUT options for NIFTY
2025-07-17 09:53:32,747 - nse_backend - INFO - Storage complete - Calls: 1 inserted, 0 skipped | Puts: 1 inserted, 0 skipped
2025-07-17 09:53:32,748 - nse_backend - INFO - [SUCCESS] Cycle completed for NIFTY in 15.93s - Calls: 1 inserted, 0 skipped | Puts: 1 inserted, 0 skipped
2025-07-17 09:53:32,749 - nse_backend - WARNING - Cycle took 15.93s, longer than interval 5s
2025-07-17 09:53:32,749 - nse_backend - INFO - --- Cycle #7 ---
2025-07-17 09:53:32,817 - nse_backend - WARNING - JSON parsing failed. Response preview: m?{R.B@*Rgdv@
V[)j=t:9[kL4IL*q7'Tk O|s-}`G|,ec8m	l.~cu;NNwyd,RN?V|...
2025-07-17 09:53:32,820 - nse_backend - WARNING - Attempt 1 failed for NIFTY: Invalid JSON response: Expecting value: line 1 column 1 (char 0)
2025-07-17 09:53:32,820 - nse_backend - INFO - Initializing NSE session...
2025-07-17 09:53:37,442 - nse_backend - INFO - NSE session initialized successfully
2025-07-17 09:53:40,553 - nse_backend - WARNING - JSON parsing failed. Response preview: m?{R.B@*Rgdv@
V[)j=t:9[kL4IL*q7'Tk O|s-}`G|,ec8m	l.~cu;NNwyd,RN?V|...
2025-07-17 09:53:40,556 - nse_backend - WARNING - Attempt 2 failed for NIFTY: Invalid JSON response: Expecting value: line 1 column 1 (char 0)
2025-07-17 09:53:40,557 - nse_backend - INFO - Initializing NSE session...
2025-07-17 09:53:45,131 - nse_backend - INFO - NSE session initialized successfully
2025-07-17 09:53:48,234 - nse_backend - WARNING - JSON parsing failed. Response preview: m?{R.B@*Rgdv@
V[)j=t:9[kL4IL*q7'Tk O|s-}`G|,ec8m	l.~cu;NNwyd,RN?V|...
2025-07-17 09:53:48,237 - nse_backend - WARNING - Attempt 3 failed for NIFTY: Invalid JSON response: Expecting value: line 1 column 1 (char 0)
2025-07-17 09:53:48,238 - nse_backend - WARNING - Using fallback data for NIFTY
2025-07-17 09:53:48,239 - nse_backend - INFO - Parsed 1 CALL and 1 PUT options for NIFTY
2025-07-17 09:53:48,316 - nse_backend - INFO - Storage complete - Calls: 1 inserted, 0 skipped | Puts: 1 inserted, 0 skipped
2025-07-17 09:53:48,319 - nse_backend - INFO - [SUCCESS] Cycle completed for NIFTY in 15.57s - Calls: 1 inserted, 0 skipped | Puts: 1 inserted, 0 skipped
2025-07-17 09:53:48,321 - nse_backend - WARNING - Cycle took 15.57s, longer than interval 5s
2025-07-17 09:53:48,322 - nse_backend - INFO - --- Cycle #8 ---
2025-07-17 09:53:48,397 - nse_backend - WARNING - JSON parsing failed. Response preview: m?{R.B@*Rgdv@
V[)j=t:9[kL4IL*q7'Tk O|s-}`G|,ec8m	l.~cu;NNwyd,RN?V|...
2025-07-17 09:53:48,400 - nse_backend - WARNING - Attempt 1 failed for NIFTY: Invalid JSON response: Expecting value: line 1 column 1 (char 0)
2025-07-17 09:53:48,401 - nse_backend - INFO - Initializing NSE session...
2025-07-17 09:53:52,582 - nse_backend - INFO - NSE session initialized successfully
2025-07-17 09:53:55,655 - nse_backend - WARNING - JSON parsing failed. Response preview: m?{R.B@*Rgdv@
V[)j=t:9[kL4IL*q7'Tk O|s-}`G|,ec8m	l.~cu;NNwyd,RN?V|...
2025-07-17 09:53:55,665 - nse_backend - WARNING - Attempt 2 failed for NIFTY: Invalid JSON response: Expecting value: line 1 column 1 (char 0)
2025-07-17 09:53:55,666 - nse_backend - INFO - Initializing NSE session...
2025-07-17 09:53:59,661 - nse_backend - INFO - NSE session initialized successfully
2025-07-17 09:54:02,732 - nse_backend - WARNING - JSON parsing failed. Response preview: m?{R.B@*Rgdv@
V[)j=t:9[kL4IL*q7'Tk O|s-}`G|,ec8m	l.~cu;NNwyd,RN?V|...
2025-07-17 09:54:02,740 - nse_backend - WARNING - Attempt 3 failed for NIFTY: Invalid JSON response: Expecting value: line 1 column 1 (char 0)
2025-07-17 09:54:02,742 - nse_backend - WARNING - Using fallback data for NIFTY
2025-07-17 09:54:02,746 - nse_backend - INFO - Parsed 1 CALL and 1 PUT options for NIFTY
2025-07-17 09:54:02,826 - nse_backend - INFO - Storage complete - Calls: 1 inserted, 0 skipped | Puts: 1 inserted, 0 skipped
2025-07-17 09:54:02,850 - nse_backend - INFO - [SUCCESS] Cycle completed for NIFTY in 14.53s - Calls: 1 inserted, 0 skipped | Puts: 1 inserted, 0 skipped
2025-07-17 09:54:02,851 - nse_backend - WARNING - Cycle took 14.53s, longer than interval 5s
2025-07-17 09:54:02,877 - nse_backend - INFO - --- Cycle #9 ---
2025-07-17 09:54:02,942 - nse_backend - WARNING - JSON parsing failed. Response preview: m?{R.B@*Rgdv@
V[)j=t:9[kL4IL*q7'Tk O|s-}`G|,ec8m	l.~cu;NNwyd,RN?V|...
2025-07-17 09:54:02,973 - nse_backend - WARNING - Attempt 1 failed for NIFTY: Invalid JSON response: Expecting value: line 1 column 1 (char 0)
2025-07-17 09:54:02,974 - nse_backend - INFO - Initializing NSE session...
2025-07-17 09:54:07,092 - nse_backend - INFO - NSE session initialized successfully
2025-07-17 09:54:10,270 - nse_backend - WARNING - JSON parsing failed. Response preview: m?{R.B@*Rgdv@
V[)j=t:9[kL4IL*q7'Tk O|s-}`G|,ec8m	l.~cu;NNwyd,RN?V|...
2025-07-17 09:54:10,274 - nse_backend - WARNING - Attempt 2 failed for NIFTY: Invalid JSON response: Expecting value: line 1 column 1 (char 0)
2025-07-17 09:54:10,276 - nse_backend - INFO - Initializing NSE session...
2025-07-17 09:54:14,570 - nse_backend - INFO - NSE session initialized successfully
2025-07-17 09:54:18,221 - nse_backend - WARNING - JSON parsing failed. Response preview: m?{R.B@*Rgdv@
V[)j=t:9[kL4IL*q7'Tk O|s-}`G|,ec8m	l.~cu;NNwyd,RN?V|...
2025-07-17 09:54:18,239 - nse_backend - WARNING - Attempt 3 failed for NIFTY: Invalid JSON response: Expecting value: line 1 column 1 (char 0)
2025-07-17 09:54:18,242 - nse_backend - WARNING - Using fallback data for NIFTY
2025-07-17 09:54:18,256 - nse_backend - INFO - Parsed 1 CALL and 1 PUT options for NIFTY
2025-07-17 09:54:18,326 - nse_backend - INFO - Storage complete - Calls: 1 inserted, 0 skipped | Puts: 1 inserted, 0 skipped
2025-07-17 09:54:18,327 - nse_backend - INFO - [SUCCESS] Cycle completed for NIFTY in 15.45s - Calls: 1 inserted, 0 skipped | Puts: 1 inserted, 0 skipped
2025-07-17 09:54:18,328 - nse_backend - WARNING - Cycle took 15.45s, longer than interval 5s
2025-07-17 09:54:18,329 - nse_backend - INFO - --- Cycle #10 ---
2025-07-17 09:54:18,411 - nse_backend - WARNING - JSON parsing failed. Response preview: m?{R.B@*Rgdv@
V[)j=t:9[kL4IL*q7'Tk O|s-}`G|,ec8m	l.~cu;NNwyd,RN?V|...
2025-07-17 09:54:18,415 - nse_backend - WARNING - Attempt 1 failed for NIFTY: Invalid JSON response: Expecting value: line 1 column 1 (char 0)
2025-07-17 09:54:18,416 - nse_backend - INFO - Initializing NSE session...
2025-07-17 09:54:22,591 - nse_backend - INFO - NSE session initialized successfully
2025-07-17 09:54:25,669 - nse_backend - WARNING - JSON parsing failed. Response preview: m?{R.B@*Rgdv@
V[)j=t:9[kL4IL*q7'Tk O|s-}`G|,ec8m	l.~cu;NNwyd,RN?V|...
2025-07-17 09:54:25,672 - nse_backend - WARNING - Attempt 2 failed for NIFTY: Invalid JSON response: Expecting value: line 1 column 1 (char 0)
2025-07-17 09:54:25,673 - nse_backend - INFO - Initializing NSE session...
2025-07-17 09:54:29,712 - nse_backend - INFO - NSE session initialized successfully
2025-07-17 09:54:34,026 - nse_backend - WARNING - JSON parsing failed. Response preview: \Up.k]1"wf
RfVLcoWN~O_G]|kiXi
I[x;>,Rb[SOW(ve}{1byln"3s=)yC9i>-oy}{t$63C...
2025-07-17 09:54:34,028 - nse_backend - WARNING - Attempt 3 failed for NIFTY: Invalid JSON response: Expecting value: line 1 column 1 (char 0)
2025-07-17 09:54:34,029 - nse_backend - WARNING - Using fallback data for NIFTY
2025-07-17 09:54:34,030 - nse_backend - INFO - Parsed 1 CALL and 1 PUT options for NIFTY
2025-07-17 09:54:34,100 - nse_backend - INFO - Storage complete - Calls: 1 inserted, 0 skipped | Puts: 1 inserted, 0 skipped
2025-07-17 09:54:34,100 - nse_backend - INFO - [SUCCESS] Cycle completed for NIFTY in 15.77s - Calls: 1 inserted, 0 skipped | Puts: 1 inserted, 0 skipped
2025-07-17 09:54:34,101 - nse_backend - INFO - [SUMMARY] After 10 cycles - Success rate: 100.0% (10/10) | Total inserted: 10 calls, 10 puts | Total skipped: 0 calls, 0 puts
2025-07-17 09:54:34,257 - nse_backend - ERROR - Failed to get statistics: can't subtract offset-naive and offset-aware datetimes
2025-07-17 09:54:34,257 - nse_backend - WARNING - Failed to get database statistics: can't subtract offset-naive and offset-aware datetimes
2025-07-17 09:54:34,258 - nse_backend - WARNING - Cycle took 15.93s, longer than interval 5s
2025-07-17 09:54:34,259 - nse_backend - INFO - --- Cycle #11 ---
2025-07-17 09:54:34,336 - nse_backend - WARNING - JSON parsing failed. Response preview: \Up.k]1"wf
RfVLcoWN~O_G]|kiXi
I[x;>,Rb[SOW(ve}{1byln"3s=)yC9i>-oy}{t$63C...
2025-07-17 09:54:34,339 - nse_backend - WARNING - Attempt 1 failed for NIFTY: Invalid JSON response: Expecting value: line 1 column 1 (char 0)
2025-07-17 09:54:34,340 - nse_backend - INFO - Initializing NSE session...
2025-07-17 09:54:36,338 - nse_backend - INFO - Received signal 2, initiating graceful shutdown...
2025-07-17 09:54:38,786 - nse_backend - INFO - NSE session initialized successfully
2025-07-17 09:54:41,853 - nse_backend - WARNING - JSON parsing failed. Response preview: \Up.k]1"wf
RfVLcoWN~O_G]|kiXi
I[x;>,Rb[SOW(ve}{1byln"3s=)yC9i>-oy}{t$63C...
2025-07-17 09:54:41,858 - nse_backend - WARNING - Attempt 2 failed for NIFTY: Invalid JSON response: Expecting value: line 1 column 1 (char 0)
2025-07-17 09:54:41,859 - nse_backend - INFO - Initializing NSE session...
2025-07-17 09:54:45,996 - nse_backend - INFO - NSE session initialized successfully
2025-07-17 09:54:51,252 - nse_backend - WARNING - JSON parsing failed. Response preview: \Up.k]1"wf
RfVLcoWN~O_G]|kiXi
I[x;>,Rb[SOW(ve}{1byln"3s=)yC9i>-oy}{t$63C...
2025-07-17 09:54:51,258 - nse_backend - WARNING - Attempt 3 failed for NIFTY: Invalid JSON response: Expecting value: line 1 column 1 (char 0)
2025-07-17 09:54:51,259 - nse_backend - WARNING - Using fallback data for NIFTY
2025-07-17 09:54:51,261 - nse_backend - INFO - Parsed 1 CALL and 1 PUT options for NIFTY
2025-07-17 09:54:51,333 - nse_backend - INFO - Storage complete - Calls: 1 inserted, 0 skipped | Puts: 1 inserted, 0 skipped
2025-07-17 09:54:51,334 - nse_backend - INFO - [SUCCESS] Cycle completed for NIFTY in 17.08s - Calls: 1 inserted, 0 skipped | Puts: 1 inserted, 0 skipped
2025-07-17 09:54:51,335 - nse_backend - WARNING - Cycle took 17.08s, longer than interval 5s
2025-07-17 09:54:51,336 - nse_backend - INFO - Cleaning up pipeline resources...
2025-07-17 09:54:51,386 - nse_backend - INFO - Database connection closed
2025-07-17 09:54:51,387 - nse_backend - INFO - Pipeline shutdown complete
